[0m11:05:17.220853 [debug] [MainThread]: Sending event: {'category': 'dbt', 'action': 'invocation', 'label': 'start', 'context': [<snowplow_tracker.self_describing_json.SelfDescribingJson object at 0x71ef2b3ff990>, <snowplow_tracker.self_describing_json.SelfDescribingJson object at 0x71ef2b718210>, <snowplow_tracker.self_describing_json.SelfDescribingJson object at 0x71ef2b3fdf90>]}


============================== 11:05:17.229676 | 9e6a22d3-b569-4f65-870a-d594c60a41ea ==============================
[0m11:05:17.229676 [info ] [MainThread]: Running with dbt=1.7.18
[0m11:05:17.231060 [debug] [MainThread]: running dbt with arguments {'printer_width': '80', 'indirect_selection': 'eager', 'write_json': 'True', 'log_cache_events': 'False', 'partial_parse': 'True', 'cache_selected_only': 'False', 'profiles_dir': '/root/.dbt', 'debug': 'False', 'warn_error': 'None', 'log_path': 'logs', 'version_check': 'True', 'fail_fast': 'False', 'use_colors': 'True', 'use_experimental_parser': 'False', 'no_print': 'None', 'quiet': 'False', 'log_format': 'default', 'invocation_command': 'dbt init ecommerce_dbt', 'warn_error_options': 'WarnErrorOptions(include=[], exclude=[])', 'static_parser': 'True', 'target_path': 'None', 'introspect': 'True', 'send_anonymous_usage_stats': 'True'}
[0m11:05:17.233431 [debug] [MainThread]: Starter project path: /usr/local/lib/python3.11/site-packages/dbt/include/starter_project
[0m11:05:17.387315 [info ] [MainThread]: 
Your new dbt project "ecommerce_dbt" was created!

For more information on how to configure the profiles.yml file,
please consult the dbt documentation here:

  https://docs.getdbt.com/docs/configure-your-profile

One more thing:

Need help? Don't hesitate to reach out to us via GitHub issues or on Slack:

  https://community.getdbt.com/

Happy modeling!

[0m11:05:17.388493 [info ] [MainThread]: Setting up your profile.
[0m11:06:19.712797 [info ] [MainThread]: Profile ecommerce_dbt written to /root/.dbt/profiles.yml using target's profile_template.yml and your supplied values. Run 'dbt debug' to validate the connection.
[0m11:06:19.716165 [debug] [MainThread]: Resource report: {"command_name": "init", "command_success": true, "command_wall_clock_time": 62.54819, "process_user_time": 1.912326, "process_kernel_time": 0.245583, "process_mem_max_rss": "108728", "process_in_blocks": "2264", "process_out_blocks": "1880"}
[0m11:06:19.717602 [debug] [MainThread]: Command `dbt init` succeeded at 11:06:19.717399 after 62.55 seconds
[0m11:06:19.718653 [debug] [MainThread]: Sending event: {'category': 'dbt', 'action': 'invocation', 'label': 'end', 'context': [<snowplow_tracker.self_describing_json.SelfDescribingJson object at 0x71ef2b3fca50>, <snowplow_tracker.self_describing_json.SelfDescribingJson object at 0x71ef2b841150>, <snowplow_tracker.self_describing_json.SelfDescribingJson object at 0x71ef2bfdec90>]}
[0m11:06:19.720183 [debug] [MainThread]: Flushing usage events
